<?xml version="1.0" encoding="UTF-8"?>
<!-- Generated by org.testng.reporters.JUnitXMLReporter -->
<testsuite ignored="0" hostname="DESKTOP-DL1MHBB" failures="0" tests="5" name="Default test" time="132.36" errors="0" timestamp="2022-01-18T11:43:48 IST">
  <testcase classname="com.QA.TestExecution.DemoWeb_TestExecution" name="CheckSignInButton" time="2.927"/>
  <testcase classname="com.QA.TestExecution.DemoWeb_TestExecution" name="CheckSearchBox" time="3.829"/>
  <testcase classname="com.QA.TestExecution.DemoWeb_TestExecution" name="CheckMajorTabs" time="11.478"/>
  <testcase classname="com.QA.TestExecution.DemoWeb_TestExecution" name="CheckAddToCartButton" time="2.405"/>
  <testcase classname="com.QA.TestExecution.DemoWeb_TestExecution" name="CheckSuvBlocks" time="0.57"/>
</testsuite> <!-- Default test -->
